[INIT] Worker=9 L=90
[EVENT] Action=Dive BadK=2
[EVENT] Action=Dive BadK=2
[EVENT] Action=Dive BadK=2
[EVENT] Action=Dive BadK=2
[EVENT] Action=Dive BadK=2
[STAT] Iter=50000 Restarts=21 BadK=8
[EVENT] Action=Dive BadK=2
[EVENT] Action=Dive BadK=2
[EVENT] Action=Dive BadK=1
[EVENT] Action=Dive BadK=2
[EVENT] Action=Dive BadK=2
[EVENT] Action=Dive BadK=2
[EVENT] Action=Dive BadK=2
[STAT] Iter=100000 Restarts=42 BadK=20
[EVENT] Action=Dive BadK=1
[EVENT] Action=Dive BadK=2
[EVENT] Action=Dive BadK=2
[EVENT] Action=Dive BadK=2
[EVENT] Action=Dive BadK=2
[EVENT] Action=Dive BadK=2
[STAT] Iter=150000 Restarts=63 BadK=14
[EVENT] Action=Dive BadK=2
[STAT] Iter=200000 Restarts=84 BadK=17
[EVENT] Action=Dive BadK=2
[EVENT] Action=Dive BadK=2
[STAT] Iter=250000 Restarts=104 BadK=14
[EVENT] Action=Dive BadK=2
[EVENT] Action=Dive BadK=2
[EVENT] Action=Dive BadK=2
[EVENT] Action=Dive BadK=0
[EVENT] Action=VICTORY Worker=9
[SYSTEM] Saved: ./results/90_PQCP/L90_PSL4_dbafea6c.csv
