[INIT] Worker=1 L=90
[EVENT] Action=Dive BadK=2
[EVENT] Action=Dive BadK=2
[EVENT] Action=Dive BadK=2
[STAT] Iter=50000 Restarts=21 BadK=10
[EVENT] Action=Dive BadK=2
[EVENT] Action=Dive BadK=1
[EVENT] Action=Dive BadK=2
[EVENT] Action=Dive BadK=2
[EVENT] Action=Dive BadK=2
[STAT] Iter=100000 Restarts=42 BadK=23
[EVENT] Action=Dive BadK=2
[EVENT] Action=Dive BadK=2
[EVENT] Action=Dive BadK=2
[EVENT] Action=Dive BadK=2
[STAT] Iter=150000 Restarts=63 BadK=19
[EVENT] Action=Dive BadK=2
[EVENT] Action=Dive BadK=2
[EVENT] Action=Dive BadK=2
[EVENT] Action=Dive BadK=2
[EVENT] Action=Dive BadK=2
[EVENT] Action=Dive BadK=2
[STAT] Iter=200000 Restarts=84 BadK=13
[EVENT] Action=Dive BadK=2
[EVENT] Action=Dive BadK=0
[EVENT] Action=VICTORY Worker=1
[SYSTEM] Saved: ./results/90_PQCP/L90_PSL4_17f36d85.csv
