[INIT] Worker=4 L=44
[EVENT] Action=Dive BadK=1
[EVENT] Action=KICK BadK=5
[EVENT] Action=Dive BadK=2
[EVENT] Action=KICK BadK=6
[EVENT] Action=Dive BadK=2
[EVENT] Action=KICK BadK=7
[EVENT] Action=KICK BadK=7
[EVENT] Action=Dive BadK=2
[EVENT] Action=Dive BadK=1
[EVENT] Action=Dive BadK=1
[EVENT] Action=Dive BadK=1
[EVENT] Action=Dive BadK=1
[EVENT] Action=Dive BadK=1
[EVENT] Action=KICK BadK=5
[EVENT] Action=Dive BadK=2
[EVENT] Action=Dive BadK=2
[EVENT] Action=Dive BadK=1
[EVENT] Action=Dive BadK=0
[EVENT] Action=VICTORY Worker=4
[SYSTEM] Saved: ./results/44_PQCP/L44_PSL4_c437df08.csv
