[INIT] Worker=16 L=58
[EVENT] Action=Dive BadK=2
[EVENT] Action=Dive BadK=2
[EVENT] Action=KICK BadK=7
[EVENT] Action=KICK BadK=7
[EVENT] Action=Dive BadK=1
[EVENT] Action=KICK BadK=6
[EVENT] Action=Dive BadK=2
[EVENT] Action=Dive BadK=2
[EVENT] Action=Dive BadK=1
[EVENT] Action=Dive BadK=2
[EVENT] Action=Dive BadK=2
[EVENT] Action=Dive BadK=1
[EVENT] Action=KICK BadK=3
[EVENT] Action=Dive BadK=2
[EVENT] Action=Dive BadK=2
[EVENT] Action=Dive BadK=1
[EVENT] Action=Dive BadK=0
[EVENT] Action=VICTORY Worker=16
[SYSTEM] Saved: ./results/58_PQCP/L58_PSL4_5a3754a8.csv
